MMIO map allocated, index 0 (located /dev/shm/mmio.3052310905083) =>
		Host app virtual addr   = 0x7fa48f1ce000
		HW physical addr (byte) = 0x5b70fce000
		HW physical addr (line) = 0x16dc3f380
		Workspace size (bytes)  = 524288
UMAS allocated, index 1 (located /dev/shm/umas.3052310905083) =>
		Host app virtual addr   = 0x7fa48cdd9000
		HW physical addr (byte) = 0x5b733d9000
		HW physical addr (line) = 0x16dccf640
		Workspace size (bytes)  = 2097152
Pinned host memory page =>
		Host app virtual addr   = 0x7fa48f264000
		HW physical addr (byte) = 0x5b70d9b000
		HW physical addr (line) = 0x16dc366c0
		Page size (bytes)       = 4096
Unpinned host memory page =>
		HW physical addr (byte) = 0x5b70d9b000
		HW physical addr (line) = 0x16dc366c0
		Page size (bytes)       = 4096
Buffer deallocated, index 1 (located /dev/shm/umas.3052310905083) =>
		Host app virtual addr   = 0x7fa48cdd9000
		HW physical addr (byte) = 0x5b733d9000
		HW physical addr (line) = 0x16dccf640
		Workspace size (bytes)  = 2097152
Buffer deallocated, index 0 (located /dev/shm/mmio.3052310905083) =>
		Host app virtual addr   = 0x7fa48f1ce000
		HW physical addr (byte) = 0x5b70fce000
		HW physical addr (line) = 0x16dc3f380
		Workspace size (bytes)  = 524288
