MMIO map allocated, index 0 (located /dev/shm/mmio.7393418151768) =>
		Host app virtual addr   = 0x7f506404e000
		HW physical addr (byte) = 0xaf9be4e000
		HW physical addr (line) = 0x2be6f9380
		Workspace size (bytes)  = 524288
UMAS allocated, index 1 (located /dev/shm/umas.7393418151768) =>
		Host app virtual addr   = 0x7f5061a4f000
		HW physical addr (byte) = 0xaf9e44f000
		HW physical addr (line) = 0x2be7913c0
		Workspace size (bytes)  = 2097152
Pinned host memory page =>
		Host app virtual addr   = 0x7f50640e2000
		HW physical addr (byte) = 0xaf9bf1d000
		HW physical addr (line) = 0x2be6fc740
		Page size (bytes)       = 4096
Pinned host memory page =>
		Host app virtual addr   = 0x7f50640de000
		HW physical addr (byte) = 0xaf9bf21000
		HW physical addr (line) = 0x2be6fc840
		Page size (bytes)       = 4096
Pinned host memory page =>
		Host app virtual addr   = 0x7f50640dd000
		HW physical addr (byte) = 0xaf9bf22000
		HW physical addr (line) = 0x2be6fc880
		Page size (bytes)       = 4096
Pinned host memory page =>
		Host app virtual addr   = 0x7f50640d9000
		HW physical addr (byte) = 0xaf9bf26000
		HW physical addr (line) = 0x2be6fc980
		Page size (bytes)       = 4096
Pinned host memory page =>
		Host app virtual addr   = 0x7f506404a000
		HW physical addr (byte) = 0xaf9bfb5000
		HW physical addr (line) = 0x2be6fed40
		Page size (bytes)       = 4096
Pinned host memory page =>
		Host app virtual addr   = 0x7f5064046000
		HW physical addr (byte) = 0xaf9bfb9000
		HW physical addr (line) = 0x2be6fee40
		Page size (bytes)       = 4096
Unpinned host memory page =>
		HW physical addr (byte) = 0xaf9bf22000
		HW physical addr (line) = 0x2be6fc880
		Page size (bytes)       = 4096
Unpinned host memory page =>
		HW physical addr (byte) = 0xaf9bf21000
		HW physical addr (line) = 0x2be6fc840
		Page size (bytes)       = 4096
Unpinned host memory page =>
		HW physical addr (byte) = 0xaf9bfb9000
		HW physical addr (line) = 0x2be6fee40
		Page size (bytes)       = 4096
Unpinned host memory page =>
		HW physical addr (byte) = 0xaf9bfb5000
		HW physical addr (line) = 0x2be6fed40
		Page size (bytes)       = 4096
Unpinned host memory page =>
		HW physical addr (byte) = 0xaf9bf26000
		HW physical addr (line) = 0x2be6fc980
		Page size (bytes)       = 4096
Unpinned host memory page =>
		HW physical addr (byte) = 0xaf9bf1d000
		HW physical addr (line) = 0x2be6fc740
		Page size (bytes)       = 4096
Buffer deallocated, index 1 (located /dev/shm/umas.7393418151768) =>
		Host app virtual addr   = 0x7f5061a4f000
		HW physical addr (byte) = 0xaf9e44f000
		HW physical addr (line) = 0x2be7913c0
		Workspace size (bytes)  = 2097152
Buffer deallocated, index 0 (located /dev/shm/mmio.7393418151768) =>
		Host app virtual addr   = 0x7f506404e000
		HW physical addr (byte) = 0xaf9be4e000
		HW physical addr (line) = 0x2be6f9380
		Workspace size (bytes)  = 524288
