MMIO map allocated, index 0 (located /dev/shm/mmio.3738666840636) =>
		Host app virtual addr   = 0x7f74bbcbe000
		HW physical addr (byte) = 0x8b442be000
		HW physical addr (line) = 0x22d10af80
		Workspace size (bytes)  = 524288
UMAS allocated, index 1 (located /dev/shm/umas.3738666840636) =>
		Host app virtual addr   = 0x7f74bb583000
		HW physical addr (byte) = 0x8b44b83000
		HW physical addr (line) = 0x22d12e0c0
		Workspace size (bytes)  = 2097152
Pinned host memory page =>
		Host app virtual addr   = 0x7f74bbd48000
		HW physical addr (byte) = 0x8b442b7000
		HW physical addr (line) = 0x22d10adc0
		Page size (bytes)       = 4096
Pinned host memory page =>
		Host app virtual addr   = 0x7f74bbd45000
		HW physical addr (byte) = 0x8b442ba000
		HW physical addr (line) = 0x22d10ae80
		Page size (bytes)       = 4096
Pinned host memory page =>
		Host app virtual addr   = 0x7f74bbd44000
		HW physical addr (byte) = 0x8b442bb000
		HW physical addr (line) = 0x22d10aec0
		Page size (bytes)       = 4096
Pinned host memory page =>
		Host app virtual addr   = 0x7f74bbcba000
		HW physical addr (byte) = 0x8b44345000
		HW physical addr (line) = 0x22d10d140
		Page size (bytes)       = 4096
Pinned host memory page =>
		Host app virtual addr   = 0x7f74bbcb6000
		HW physical addr (byte) = 0x8b44349000
		HW physical addr (line) = 0x22d10d240
		Page size (bytes)       = 4096
Pinned host memory page =>
		Host app virtual addr   = 0x7f74bbcb2000
		HW physical addr (byte) = 0x8b4434d000
		HW physical addr (line) = 0x22d10d340
		Page size (bytes)       = 4096
Unpinned host memory page =>
		HW physical addr (byte) = 0x8b442bb000
		HW physical addr (line) = 0x22d10aec0
		Page size (bytes)       = 4096
Unpinned host memory page =>
		HW physical addr (byte) = 0x8b442ba000
		HW physical addr (line) = 0x22d10ae80
		Page size (bytes)       = 4096
Unpinned host memory page =>
		HW physical addr (byte) = 0x8b4434d000
		HW physical addr (line) = 0x22d10d340
		Page size (bytes)       = 4096
Unpinned host memory page =>
		HW physical addr (byte) = 0x8b44349000
		HW physical addr (line) = 0x22d10d240
		Page size (bytes)       = 4096
Unpinned host memory page =>
		HW physical addr (byte) = 0x8b44345000
		HW physical addr (line) = 0x22d10d140
		Page size (bytes)       = 4096
Unpinned host memory page =>
		HW physical addr (byte) = 0x8b442b7000
		HW physical addr (line) = 0x22d10adc0
		Page size (bytes)       = 4096
Buffer deallocated, index 1 (located /dev/shm/umas.3738666840636) =>
		Host app virtual addr   = 0x7f74bb583000
		HW physical addr (byte) = 0x8b44b83000
		HW physical addr (line) = 0x22d12e0c0
		Workspace size (bytes)  = 2097152
Buffer deallocated, index 0 (located /dev/shm/mmio.3738666840636) =>
		Host app virtual addr   = 0x7f74bbcbe000
		HW physical addr (byte) = 0x8b442be000
		HW physical addr (line) = 0x22d10af80
		Workspace size (bytes)  = 524288
